[14:31:01] [main/INFO] (FabricLoader/GameProvider) Loading Minecraft 1.21.10 with Fabric Loader 0.18.3
[14:31:01] [main/INFO] (FabricLoader) Loading 45 mods:
	- cloth-basic-math 0.6.1
	- cloth-config 19.0.147
	- fabric-api 0.138.4+1.21.10
	- fabric-api-base 1.0.0+14b92d896f
	- fabric-api-lookup-api-v1 1.6.106+d17682156f
	- fabric-biome-api-v1 16.1.0+c2417d4f6f
	- fabric-block-api-v1 1.1.5+d17682156f
	- fabric-block-view-api-v2 1.0.34+e4fd1b926f
	- fabric-command-api-v2 2.4.0+c0ab2d5d6f
	- fabric-content-registries-v0 10.2.6+b6a242646f
	- fabric-convention-tags-v1 2.1.49+7f945d5b6f
	- fabric-convention-tags-v2 2.17.0+ff7bc77d6f
	- fabric-crash-report-info-v1 0.3.18+33df5e6e6f
	- fabric-data-attachment-api-v1 1.8.33+cd3b9e596f
	- fabric-data-generation-api-v1 23.2.27+d8b85ef16f
	- fabric-dimensions-v1 4.0.22+38b9cc196f
	- fabric-entity-events-v1 2.1.13+fde3702c6f
	- fabric-events-interaction-v0 4.0.36+5ba217126f
	- fabric-game-rule-api-v1 1.1.1+e47eaae56f
	- fabric-gametest-api-v1 3.1.21+33df5e6e6f
	- fabric-item-api-v1 11.5.11+9bce411b6f
	- fabric-item-group-api-v1 4.2.27+86b3ae576f
	- fabric-lifecycle-events-v1 2.6.9+33df5e6e6f
	- fabric-loot-api-v2 3.0.67+3f89f5a56f
	- fabric-loot-api-v3 2.0.14+d17682156f
	- fabric-message-api-v1 6.1.7+3154c1c86f
	- fabric-networking-api-v1 5.1.0+b095d8db6f
	- fabric-object-builder-api-v1 21.1.28+9bce411b6f
	- fabric-particles-v1 4.2.3+a0ee59a46f
	- fabric-recipe-api-v1 8.2.0+39709ef06f
	- fabric-registry-sync-v0 6.1.42+679c8c5c6f
	- fabric-rendering-fluids-v1 3.1.38+86b3ae576f
	- fabric-resource-conditions-api-v1 5.0.28+33df5e6e6f
	- fabric-resource-loader-v0 3.3.1+d4d4122a6f
	- fabric-resource-loader-v1 1.0.4+14959b836f
	- fabric-screen-handler-api-v1 1.3.151+d17682156f
	- fabric-serialization-api-v1 1.0.0+d857c9766f
	- fabric-tag-api-v1 1.2.13+2fa446b26f
	- fabric-transfer-api-v1 6.0.15+79ec2c126f
	- fabric-transitive-access-wideners-v1 6.5.3+41eb43436f
	- fabricloader 0.18.3
	- java 21
	- minecraft 1.21.10
	- mixinextras 0.5.0
	- mosbergapi 1.0.0
[14:31:01] [main/INFO] (FabricLoader/Mixin) SpongePowered MIXIN Subsystem Version=0.8.7 Source=file:/C:/Users/Rasmu/.gradle/caches/modules-2/files-2.1/net.fabricmc/sponge-mixin/0.16.5+mixin.0.8.7/80fc3a9f592673cea87f4cd702f87991c6c9fe4d/sponge-mixin-0.16.5+mixin.0.8.7.jar Service=Knot/Fabric Env=SERVER
[14:31:02] [main/INFO] (FabricLoader/Mixin) Loaded Fabric development mappings for mixin remapper!
[14:31:02] [main/INFO] (FabricLoader/Mixin) Compatibility level set to JAVA_21
[14:31:03] [main/INFO] (FabricLoader/MixinExtras|Service) Initializing MixinExtras via com.llamalad7.mixinextras.service.MixinExtrasServiceImpl(version=0.5.0).
[14:31:12] [main/INFO] (mosbergapi) Initializing MosbergAPI
[14:31:12] [main/INFO] (MosbergBlocks) Initializing MosbergAPI blocks
[14:31:12] [main/INFO] (MosbergItems) Initializing MosbergAPI items
[14:31:12] [main/INFO] (MosbergEntities) Initializing MosbergAPI entities
[14:31:12] [main/INFO] (MosbergItemGroups) Initializing MosbergAPI item groups
[14:31:12] [main/INFO] (MosbergParticles) Initializing MosbergAPI particles
[14:31:12] [main/INFO] (MosbergSounds) Initializing MosbergAPI sounds
[14:31:12] [main/INFO] (mosbergapi) MosbergAPI initialized successfully
[14:31:13] [main/INFO] (Minecraft) Environment: Environment[sessionHost=https://sessionserver.mojang.com, servicesHost=https://api.minecraftservices.com, profilesHost=https://api.mojang.com, name=PROD]
[14:31:13] [main/INFO] (Minecraft) Found new data pack mosbergapi, loading it automatically
[14:31:14] [Worker-Main-3/ERROR] (Minecraft) Couldn't parse data file 'mosbergapi:custom_block' from 'mosbergapi:loot_table/custom_block.json': DataResult.Error['Unknown registry key in ResourceKey[minecraft:root / minecraft:item]: mosbergapi:custom_block': net.minecraft.loot.LootTable@4f2e738d]
[14:31:15] [Worker-Main-2/ERROR] (Minecraft) Couldn't parse data file 'mosbergapi:custom_item' from 'mosbergapi:recipe/custom_item.json': DataResult.Error['Unknown registry key in ResourceKey[minecraft:root / minecraft:item]: mosbergapi:custom_item; Map entry '#' : Failed to parse either. First: Input does not contain a key [fabric:type]: MapLike[{"item":"minecraft:stick"}]; Second: Failed to parse either. First: Not a string: {"item":"minecraft:stick"}; Second: Failed to parse either. First: Not a json array: {"item":"minecraft:stick"}; Second: Not a string: {"item":"minecraft:stick"}']
[14:31:15] [main/INFO] (Minecraft) Loaded 1461 recipes
[14:31:15] [main/INFO] (Minecraft) Loaded 1575 advancements
[14:31:15] [main/INFO] (BiomeModificationImpl) Applied 0 biome modifications to 0 of 65 new biomes in 1.699 ms
[14:31:15] [Server thread/INFO] (Minecraft) Starting minecraft server version 1.21.10
[14:31:15] [Server thread/INFO] (Minecraft) Loading properties
[14:31:15] [Server thread/INFO] (Minecraft) Default game type: SURVIVAL
[14:31:15] [Server thread/INFO] (Minecraft) Generating keypair
[14:31:16] [Server thread/INFO] (Minecraft) Starting Minecraft server on *:25565
[14:31:16] [Server thread/INFO] (Minecraft) Using default channel type
[14:31:16] [Server thread/INFO] (Minecraft) Preparing level "world"
[14:31:16] [Server thread/INFO] (Minecraft) Loading 0 persistent chunks...
[14:31:16] [Server thread/INFO] (Minecraft) Preparing spawn area: 100%
[14:31:16] [Server thread/INFO] (Minecraft) Time elapsed: 80 ms
[14:31:16] [Server thread/INFO] (Minecraft) Done (0.555s)! For help, type "help"
[14:31:43] [Server thread/INFO] (Minecraft) Stopping the server
[14:31:43] [Server thread/INFO] (Minecraft) Stopping server
[14:31:43] [Server thread/INFO] (Minecraft) Saving players
[14:31:43] [Server thread/INFO] (Minecraft) Saving worlds
[14:31:43] [Server thread/INFO] (Minecraft) Saving chunks for level 'ServerLevel[world]'/minecraft:overworld
[14:31:43] [Server thread/INFO] (Minecraft) Saving chunks for level 'ServerLevel[world]'/minecraft:the_nether
[14:31:43] [Server thread/INFO] (Minecraft) Saving chunks for level 'ServerLevel[world]'/minecraft:the_end
[14:31:43] [Server thread/INFO] (Minecraft) ThreadedAnvilChunkStorage (world): All chunks are saved
[14:31:43] [Server thread/INFO] (Minecraft) ThreadedAnvilChunkStorage (DIM-1): All chunks are saved
[14:31:43] [Server thread/INFO] (Minecraft) ThreadedAnvilChunkStorage (DIM1): All chunks are saved
[14:31:43] [Server thread/INFO] (Minecraft) ThreadedAnvilChunkStorage: All dimensions are saved
